[2017-03-02 16:09:27] START
[2017-03-02 16:15:08] CREATE test.py: 0
[2017-03-02 16:51:39] CREATE new.py: 0
[2017-03-02 16:58:52] CREATE tester.py: 0
[2017-03-02 17:00:17] DELETE productreview/controllers/tester.py: -1
[2017-03-02 17:00:24] DELETE productreview/controllers/test.py: -1
[2017-03-02 17:00:30] DELETE productreview/controllers/new.py: -1
[2017-03-02 17:00:39] CREATE teste.py: 0
[2017-03-03 00:20:08] EDIT productreview/controllers/default.py: 2
[2017-03-03 00:24:04] EDIT productreview/views/default/index.html: 2
[2017-03-03 00:24:19] EDIT productreview/controllers/default.py: 1
[2017-03-03 00:28:27] EDIT productreview/controllers/default.py: 2
[2017-03-03 00:28:52] EDIT productreview/controllers/default.py: 1
[2017-03-03 00:29:09] EDIT productreview/controllers/default.py: 0
[2017-03-03 00:29:42] EDIT productreview/controllers/default.py: 0
[2017-03-03 00:29:59] EDIT productreview/controllers/default.py: 0
[2017-03-03 00:30:22] EDIT productreview/controllers/default.py: 0
[2017-03-03 00:30:24] EDIT productreview/controllers/default.py: 0
[2017-03-03 00:30:59] EDIT productreview/controllers/default.py: 0
[2017-03-03 00:31:16] EDIT productreview/controllers/default.py: 0
[2017-03-03 00:31:39] EDIT productreview/controllers/default.py: 1
[2017-03-03 00:33:27] EDIT productreview/controllers/default.py: -1
[2017-03-03 00:33:40] EDIT productreview/controllers/default.py: 0
[2017-03-03 00:34:01] EDIT productreview/controllers/default.py: 0
[2017-03-03 00:34:08] EDIT productreview/controllers/default.py: 0
[2017-03-03 00:34:56] EDIT productreview/controllers/default.py: 0
[2017-03-06 13:31:53] DELETE productreview/models/menu.py: -121
[2017-03-06 13:35:40] CREATE db1.py: 0
[2017-03-06 13:38:38] EDIT productreview/models/db1.py: 1
[2017-03-06 13:39:54] EDIT productreview/controllers/default.py: 1
[2017-03-06 13:42:03] EDIT productreview/views/default/index.html: -46
[2017-03-06 13:42:31] EDIT productreview/controllers/default.py: 0
[2017-03-06 13:47:30] EDIT productreview/controllers/default.py: 2
[2017-03-06 13:47:42] EDIT productreview/controllers/default.py: 0
[2017-03-06 13:47:55] EDIT productreview/controllers/default.py: 0
[2017-03-06 13:49:38] EDIT productreview/controllers/default.py: -1
[2017-03-06 13:49:57] EDIT productreview/models/db1.py: 1
[2017-03-06 13:50:07] EDIT productreview/controllers/default.py: 0
[2017-03-06 13:50:50] EDIT productreview/controllers/default.py: 0
[2017-03-06 13:51:24] EDIT productreview/views/default/index.html: -1
[2017-03-06 13:51:47] EDIT productreview/views/default/index.html: 1
[2017-03-06 13:51:59] EDIT productreview/views/default/index.html: 0
[2017-03-06 13:52:56] EDIT productreview/models/db1.py: 0
[2017-03-06 13:53:23] EDIT productreview/views/default/index.html: 0
[2017-03-06 13:53:24] EDIT productreview/controllers/default.py: 0
[2017-03-06 13:53:26] EDIT productreview/models/db1.py: 0
[2017-03-06 13:56:22] EDIT productreview/views/default/index.html: 7
[2017-03-06 13:56:41] EDIT productreview/views/default/index.html: 0
[2017-03-06 13:57:26] EDIT productreview/views/default/index.html: 0
[2017-03-06 13:57:40] EDIT productreview/views/default/index.html: 1
[2017-03-06 14:09:10] EDIT productreview/controllers/default.py: 0
[2017-03-06 14:10:18] EDIT productreview/controllers/default.py: 0
[2017-03-06 14:10:48] EDIT productreview/controllers/default.py: 1
[2017-03-06 14:11:29] EDIT productreview/controllers/default.py: 0
[2017-03-06 14:11:39] EDIT productreview/controllers/default.py: 0
[2017-03-06 14:13:31] EDIT productreview/views/default/index.html: -6
[2017-03-06 14:14:20] EDIT productreview/views/default/index.html: 2
[2017-03-06 14:14:37] EDIT productreview/views/default/index.html: 0
[2017-03-06 14:17:23] EDIT productreview/views/default/index.html: 3
[2017-03-06 14:17:29] EDIT productreview/views/default/index.html: 0
[2017-03-06 14:17:39] EDIT productreview/views/default/index.html: 1
[2017-03-06 14:17:43] EDIT productreview/views/default/index.html: 0
[2017-03-06 14:33:26] EDIT productreview/views/default/index.html: 0
[2017-03-06 14:34:40] EDIT productreview/views/default/index.html: 0
[2017-03-06 14:38:19] EDIT productreview/views/default/index.html: 3
[2017-03-06 14:39:02] EDIT productreview/views/default/index.html: 2
[2017-03-06 14:39:17] EDIT productreview/views/default/index.html: 0
[2017-03-06 14:50:09] EDIT productreview/views/default/index.html: 0
[2017-03-06 14:50:36] EDIT productreview/views/default/index.html: 0
[2017-03-06 14:51:14] EDIT productreview/views/default/index.html: 0
[2017-03-06 14:51:47] EDIT productreview/views/default/index.html: 1
[2017-03-06 14:56:15] EDIT productreview/views/default/index.html: 0
[2017-03-06 14:56:22] EDIT productreview/views/default/index.html: 0
[2017-03-06 23:24:40] EDIT productreview/models/db1.py: 3
[2017-03-06 23:25:33] EDIT productreview/controllers/default.py: 0
[2017-03-06 23:27:17] EDIT productreview/models/db1.py: 0
[2017-03-06 23:27:29] EDIT productreview/models/db1.py: -3
[2017-03-06 23:28:08] EDIT productreview/models/db.py: 3
[2017-03-06 23:28:41] EDIT productreview/models/db.py: -3
[2017-03-06 23:32:05] EDIT productreview/models/db.py: 0
[2017-03-06 23:32:21] EDIT productreview/models/db.py: 0
[2017-03-07 12:42:57] EDIT productreview/controllers/default.py: 0
[2017-03-07 12:43:29] EDIT productreview/controllers/default.py: 0
[2017-03-07 12:43:56] EDIT productreview/controllers/default.py: 0
[2017-03-07 14:22:12] CREATE default/manage.html: 0
[2017-03-07 14:23:46] EDIT productreview/controllers/default.py: 3
[2017-03-07 14:24:15] EDIT productreview/views/default/manage.html: 0
[2017-03-07 14:26:03] EDIT productreview/controllers/default.py: 0
[2017-03-07 14:28:40] EDIT productreview/controllers/default.py: 0
[2017-03-07 14:28:59] EDIT productreview/controllers/default.py: -3
[2017-03-07 14:29:16] EDIT productreview/controllers/default.py: 0
[2017-03-07 14:29:30] EDIT productreview/controllers/default.py: 3
[2017-03-07 15:06:29] EDIT productreview/controllers/default.py: 3
[2017-03-07 15:07:53] DELETE productreview/views/default/manage.html: -3
[2017-03-07 15:09:30] CREATE /default/management.html: 0
[2017-03-07 15:10:26] CREATE default/management.html: 0
[2017-03-07 15:10:52] EDIT productreview/views/default/management.html: -1
[2017-03-07 15:10:57] EDIT productreview/views/default/management.html: 1
[2017-03-07 15:12:24] EDIT productreview/controllers/default.py: 0
[2017-03-07 15:13:19] EDIT productreview/controllers/default.py: -3
[2017-03-07 15:13:21] EDIT productreview/controllers/default.py: 0
[2017-03-07 15:14:24] DELETE productreview/views/default/management.html: -3
[2017-03-07 23:33:35] EDIT productreview/controllers/default.py: 3
[2017-03-07 23:33:40] EDIT productreview/controllers/default.py: 0
[2017-03-07 23:34:27] EDIT productreview/views/default/index.html: 2
[2017-03-07 23:35:10] EDIT productreview/views/default/index.html: -2
[2017-03-07 23:36:03] CREATE default/nextIndex.html: 0
[2017-03-07 23:36:17] EDIT productreview/views/default/nextIndex.html: 0
[2017-03-07 23:40:31] EDIT productreview/views/default/nextIndex.html: 0
[2017-03-07 23:41:08] DELETE productreview/views/default/nextIndex.html: -3
[2017-03-07 23:42:27] EDIT productreview/views/default/index.html: 4
[2017-03-07 23:46:26] EDIT productreview/views/default/index.html: -4
[2017-03-07 23:47:53] EDIT productreview/controllers/default.py: -3
[2017-03-07 23:48:28] CREATE test.py: 0
[2017-03-07 23:48:36] EDIT productreview/controllers/test.py: 3
[2017-03-07 23:50:54] EDIT productreview/controllers/test.py: -1
[2017-03-07 23:52:19] EDIT productreview/controllers/test.py: -1
[2017-03-08 00:08:32] EDIT productreview/controllers/default.py: 0
[2017-03-08 00:11:53] CREATE default/management.html: 0
[2017-03-08 00:12:19] EDIT productreview/views/default/management.html: 0
[2017-03-08 00:13:11] EDIT productreview/controllers/default.py: 0
[2017-03-08 00:13:38] DELETE productreview/views/default/management.html: -3
[2017-03-08 00:14:43] EDIT productreview/controllers/default.py: 0
[2017-03-08 00:15:02] CREATE default/management.html: 0
[2017-03-08 00:15:09] EDIT productreview/views/default/management.html: 0
[2017-03-08 00:15:17] EDIT productreview/views/default/management.html: 0
[2017-03-08 14:26:07] CREATE test/nextIndex.html: 0
[2017-03-08 14:26:41] EDIT productreview/views/test/nextIndex.html: -1
[2017-03-08 14:27:04] EDIT productreview/controllers/test.py: 1
[2017-03-08 14:27:10] EDIT productreview/views/test/nextIndex.html: 1
[2017-03-08 14:28:00] DELETE productreview/views/test/nextIndex.html: -3
[2017-03-08 14:28:26] EDIT productreview/controllers/test.py: -1
[2017-03-08 14:32:18] EDIT productreview/controllers/test.py: 2
[2017-03-08 20:27:54] CREATE default/product.html: 0
[2017-03-08 20:32:57] EDIT productreview/controllers/default.py: 2
[2017-03-08 20:49:45] EDIT productreview/views/default/product.html: 14
[2017-03-08 20:51:45] EDIT productreview/models/db1.py: 1
[2017-03-08 20:59:29] EDIT productreview/controllers/default.py: 2
[2017-03-08 21:00:04] EDIT productreview/controllers/default.py: 0
[2017-03-08 21:01:19] EDIT productreview/views/default/index.html: 2
[2017-03-08 21:01:23] EDIT productreview/views/default/index.html: 0
[2017-03-08 21:01:23] EDIT productreview/views/default/index.html: 0
[2017-03-08 21:01:43] EDIT productreview/views/default/index.html: 0
[2017-03-08 21:08:00] DELETE productreview/views/default/product.html: -17
[2017-03-08 21:08:35] CREATE Show_Products.html: 0
[2017-03-08 21:08:45] DELETE productreview/views/Show_Products.html: -3
[2017-03-08 21:09:08] CREATE default/Show_Product.html: 0
[2017-03-08 21:09:25] EDIT productreview/views/default/Show_Product.html: 14
[2017-03-08 21:10:14] EDIT productreview/controllers/default.py: 0
[2017-03-08 21:10:44] DELETE productreview/views/default/Show_Product.html: -17
[2017-03-08 21:11:06] CREATE default/Show_Products.html: 0
[2017-03-08 21:11:22] EDIT productreview/views/default/Show_Products.html: 14
[2017-03-08 21:12:29] DELETE productreview/views/default/Show_Products.html: -17
[2017-03-08 21:12:53] CREATE default/show_products.html: 0
[2017-03-08 21:13:16] EDIT productreview/views/default/show_products.html: 14
[2017-03-10 01:06:39] EDIT productreview/controllers/default.py: 0
[2017-03-10 01:07:22] EDIT productreview/controllers/default.py: 0
[2017-03-10 01:07:29] EDIT productreview/controllers/default.py: 0
[2017-03-10 01:33:45] EDIT productreview/models/db.py: 0
[2017-03-10 01:33:48] EDIT productreview/models/db.py: 0
[2017-03-21 00:54:07] EDIT productreview/models/db1.py: 0
[2017-03-21 00:55:02] EDIT productreview/controllers/default.py: 14
[2017-03-21 00:57:28] EDIT productreview/views/default/index.html: -9
[2017-03-21 00:59:24] EDIT productreview/views/layout.html: 29
[2017-03-21 01:00:33] EDIT productreview/views/layout.html: 0
[2017-03-21 01:02:08] EDIT productreview/views/default/show_products.html: 1
[2017-03-21 01:04:58] CREATE css/custom.css: 0
[2017-03-21 01:05:04] EDIT productreview/views/default/show_products.html: 0
[2017-03-21 01:05:09] EDIT productreview/static/css/custom.css: 8
[2017-03-21 01:06:49] EDIT productreview/views/layout.html: 1
[2017-03-21 01:08:06] CREATE images/header.jpg: 0
[2017-03-21 01:08:36] DELETE productreview/static/images/header.jpg: 0
[2017-03-21 01:09:04] UPLOAD /home/webteam/web2py/applications/productreview/static/header.jpg: 2833
[2017-03-21 01:09:17] DELETE productreview/static/header.jpg: -2833
[2017-03-21 01:09:39] UPLOAD /home/webteam/web2py/applications/productreview/static/images/header.jpg: 2833
[2017-03-21 01:19:06] EDIT productreview/static/css/custom.css: 1
[2017-03-21 01:19:44] CREATE selected_product.html: 0
[2017-03-21 01:20:06] EDIT productreview/views/selected_product.html: 30
[2017-03-21 01:20:28] CREATE show_products.html: 0
[2017-03-21 01:21:53] DELETE productreview/views/selected_product.html: -33
[2017-03-21 01:22:54] DELETE productreview/views/show_products.html: -3
[2017-03-21 01:24:45] CREATE default/selected_product.html: 0
[2017-03-21 01:25:15] CREATE search_products.html: 0
[2017-03-21 01:26:05] EDIT productreview/views/default/selected_product.html: 30
[2017-03-21 01:28:18] EDIT productreview/views/default/show_products.html: 0
[2017-03-21 01:28:25] EDIT productreview/views/default/show_products.html: 0
[2017-03-21 01:30:24] DELETE productreview/views/default/selected_product.html.1: -33
[2017-03-21 01:31:02] DELETE productreview/views/search_products.html: -3
[2017-03-21 01:31:44] CREATE default/search_products.html: 0
[2017-03-21 01:32:28] CREATE default/prod_management.html: 0
[2017-03-21 01:36:39] EDIT productreview/views/default/prod_management.html: 0
[2017-03-21 01:37:37] CREATE default/post_management.html: 0
[2017-03-21 01:38:34] EDIT productreview/views/default/post_management.html: 0
[2017-03-21 01:38:51] EDIT productreview/views/default/prod_management.html: 0
[2017-03-21 01:40:11] EDIT productreview/controllers/default.py: 0
[2017-03-28 16:10:14] EDIT productreview/views/default/search_products.html: 1
[2017-03-29 14:49:36] EDIT productreview/models/db.py: 0
[2017-03-29 14:57:47] EDIT productreview/models/db.py: 1
[2017-03-29 14:58:22] EDIT productreview/models/db.py: 0
[2017-03-29 14:58:34] EDIT productreview/models/db.py: 0
[2017-03-29 15:02:12] EDIT productreview/private/appconfig.ini: 0
[2017-03-29 15:03:05] EDIT productreview/private/appconfig.ini: 0
[2017-03-29 15:03:38] EDIT productreview/models/db.py: 0
[2017-03-29 15:03:57] EDIT productreview/private/appconfig.ini: 0
[2017-03-29 15:04:14] EDIT productreview/private/appconfig.ini: 0
[2017-03-29 15:31:43] EDIT productreview/private/appconfig.ini: 0
[2017-03-29 15:35:56] EDIT productreview/private/appconfig.ini: -2
[2017-03-29 15:38:10] EDIT productreview/private/appconfig.ini: 0
[2017-03-29 15:38:29] EDIT productreview/private/appconfig.ini: 0
[2017-03-29 15:39:19] EDIT productreview/private/appconfig.ini: 0
[2017-03-29 15:41:08] EDIT productreview/models/db.py: 0
[2017-03-29 15:42:56] EDIT productreview/models/db.py: 0
[2017-03-29 15:44:38] EDIT productreview/private/appconfig.ini: 0
[2017-03-29 15:46:41] EDIT productreview/private/appconfig.ini: 0
[2017-03-29 15:47:57] EDIT productreview/models/db.py: -1
[2017-03-29 15:49:40] EDIT productreview/models/db.py: 0
[2017-03-29 23:31:07] EDIT productreview/models/db.py: 0
[2017-03-29 23:32:27] EDIT productreview/models/db.py: 0
[2017-03-29 23:34:58] EDIT productreview/private/appconfig.ini: 0
[2017-03-30 13:04:00] EDIT productreview/models/db1.py: 0
[2017-03-30 13:04:25] EDIT productreview/models/db1.py: 0
[2017-03-30 13:05:49] EDIT productreview/models/db1.py: 0
[2017-03-30 13:25:37] EDIT productreview/views/default/selected_product.html: 0
[2017-03-30 13:32:11] EDIT productreview/views/default/selected_product.html: 1
[2017-03-30 13:33:16] EDIT productreview/views/default/selected_product.html: 3
[2017-03-30 13:33:20] EDIT productreview/controllers/default.py: 0
[2017-03-30 13:34:28] EDIT productreview/controllers/default.py: 0
[2017-03-30 13:34:37] EDIT productreview/views/default/selected_product.html: 0
[2017-03-30 13:35:16] EDIT productreview/controllers/default.py: 1
[2017-03-30 13:35:29] EDIT productreview/views/default/selected_product.html: 1
[2017-03-30 13:36:12] EDIT productreview/controllers/default.py: -1
[2017-03-30 13:36:38] EDIT productreview/views/default/selected_product.html: -1
[2017-03-30 13:36:57] EDIT productreview/controllers/default.py: 0
[2017-03-30 13:36:59] EDIT productreview/views/default/selected_product.html: 0
[2017-03-30 13:37:40] EDIT productreview/views/default/selected_product.html: 0
[2017-03-30 13:38:13] EDIT productreview/controllers/default.py: 0
[2017-03-30 13:39:03] EDIT productreview/views/default/selected_product.html: 0
[2017-03-30 13:40:19] EDIT productreview/views/default/selected_product.html: 0
[2017-03-30 13:40:41] EDIT productreview/views/default/selected_product.html: 1
[2017-03-30 13:42:38] EDIT productreview/views/default/selected_product.html: 1
[2017-03-30 13:42:43] EDIT productreview/views/default/selected_product.html: 0
[2017-03-30 13:44:04] EDIT productreview/controllers/default.py: 0
[2017-03-30 13:44:26] EDIT productreview/views/default/selected_product.html: 1
[2017-03-30 13:45:01] EDIT productreview/views/default/selected_product.html: -1
[2017-03-30 13:45:17] EDIT productreview/views/default/selected_product.html: 0
[2017-03-30 13:45:26] EDIT productreview/controllers/default.py: 0
[2017-03-30 13:46:07] EDIT productreview/controllers/default.py: 0
[2017-03-30 13:46:57] EDIT productreview/views/default/selected_product.html: 0
[2017-03-30 13:47:06] EDIT productreview/controllers/default.py: 0
[2017-03-30 13:48:06] EDIT productreview/controllers/default.py: 1
[2017-03-30 13:48:18] EDIT productreview/views/default/selected_product.html: 1
[2017-03-30 13:54:28] EDIT productreview/views/default/selected_product.html: 10
[2017-03-30 13:55:09] EDIT productreview/views/default/selected_product.html: 0
[2017-03-30 13:55:18] EDIT productreview/views/default/selected_product.html: 0
[2017-03-30 13:55:59] EDIT productreview/views/default/selected_product.html: 2
[2017-03-30 13:56:13] EDIT productreview/views/default/selected_product.html: -1
[2017-03-30 13:59:38] EDIT productreview/controllers/default.py: 2
[2017-03-30 14:00:16] EDIT productreview/controllers/default.py: -2
[2017-03-30 14:02:27] EDIT productreview/controllers/default.py: 0
[2017-03-30 14:06:21] EDIT productreview/models/db1.py: 0
[2017-03-30 14:07:35] EDIT productreview/models/db1.py: 0
[2017-03-30 14:08:16] EDIT productreview/models/db1.py: 0
[2017-03-30 14:08:33] EDIT productreview/models/db1.py: 0
[2017-03-30 14:10:11] EDIT productreview/models/db1.py: 0
[2017-03-30 14:10:21] EDIT productreview/models/db1.py: 0
[2017-03-30 14:11:38] EDIT productreview/models/db1.py: 0
[2017-03-30 14:14:21] EDIT productreview/models/db1.py: 0
[2017-03-30 14:42:19] EDIT productreview/models/db1.py: 0
[2017-03-30 14:43:02] EDIT productreview/models/db1.py: 0
[2017-03-30 14:43:39] EDIT productreview/models/db1.py: 0
[2017-03-30 14:46:47] EDIT productreview/models/db1.py: 0
[2017-03-30 14:54:23] EDIT productreview/models/db1.py: 0
[2017-03-30 15:30:36] EDIT productreview/controllers/default.py: 2
[2017-03-30 15:32:49] EDIT productreview/controllers/default.py: 0
[2017-03-30 15:33:16] EDIT productreview/controllers/default.py: 0
[2017-03-30 15:33:20] EDIT productreview/controllers/default.py: 0
[2017-03-30 15:34:04] EDIT productreview/controllers/default.py: 0
[2017-03-30 15:34:50] EDIT productreview/controllers/default.py: 0
[2017-03-30 15:37:55] EDIT productreview/controllers/default.py: 0
[2017-03-30 15:38:36] EDIT productreview/controllers/default.py: -2
[2017-03-30 15:39:20] EDIT productreview/controllers/default.py: 2
[2017-03-30 15:40:12] EDIT productreview/views/default/selected_product.html: 0
[2017-03-30 15:40:17] EDIT productreview/controllers/default.py: 0
[2017-03-30 19:17:48] EDIT productreview/controllers/default.py: 0
[2017-04-02 17:36:16] EDIT productreview/views/default/show_products.html: 0
[2017-04-02 17:36:59] EDIT productreview/views/default/show_products.html: 0
[2017-04-02 17:37:32] EDIT productreview/views/default/show_products.html: 0
[2017-04-02 17:37:42] EDIT productreview/views/default/show_products.html: 0
[2017-04-02 17:38:03] EDIT productreview/views/default/show_products.html: 0
[2017-04-02 17:43:52] EDIT productreview/views/default/show_products.html: 0
[2017-04-03 18:06:57] EDIT productreview/static/css/custom.css: 0
[2017-04-03 19:46:43] EDIT productreview/static/css/custom.css: 0
[2017-04-03 19:46:52] EDIT productreview/static/css/custom.css: 0
[2017-04-03 19:48:45] EDIT productreview/static/css/custom.css: 0
[2017-04-03 19:56:26] EDIT productreview/static/css/custom.css: 0
[2017-04-03 19:56:39] EDIT productreview/static/css/custom.css: 0
[2017-04-03 20:01:56] EDIT productreview/static/css/custom.css: 0
[2017-04-03 20:02:07] EDIT productreview/static/css/custom.css: 0
[2017-04-03 20:10:42] EDIT productreview/static/css/custom.css: 1
[2017-04-03 21:01:08] EDIT productreview/static/css/web2py.css: 0
[2017-04-03 21:05:20] EDIT productreview/views/layout.html: 1
[2017-04-03 21:06:55] EDIT productreview/static/css/custom.css: 0
[2017-04-03 21:06:59] EDIT productreview/views/layout.html: 0
[2017-04-03 21:07:29] EDIT productreview/static/css/custom.css: 0
[2017-04-03 21:08:05] EDIT productreview/views/layout.html: -1
[2017-04-03 21:08:12] EDIT productreview/static/css/custom.css: 0
[2017-04-03 21:08:47] EDIT productreview/static/css/custom.css: 0
[2017-04-03 21:08:53] EDIT productreview/static/css/custom.css: 0
[2017-04-03 21:09:20] EDIT productreview/static/css/custom.css: 0
[2017-04-03 21:10:27] EDIT productreview/static/css/custom.css: -1
[2017-04-03 21:47:29] EDIT productreview/static/css/custom.css: 0
[2017-04-03 21:47:36] EDIT productreview/static/css/custom.css: 0
[2017-04-03 21:47:58] EDIT productreview/static/css/custom.css: 0
[2017-04-03 21:48:14] EDIT productreview/static/css/custom.css: 0
[2017-04-03 21:52:32] EDIT productreview/static/css/custom.css: 0
[2017-04-03 21:54:03] EDIT productreview/static/css/custom.css: 0
[2017-04-03 21:54:44] EDIT productreview/static/css/custom.css: 0
[2017-04-03 21:57:17] EDIT productreview/static/css/custom.css: 0
[2017-04-03 22:09:23] EDIT productreview/static/css/custom.css: 0
[2017-04-03 22:09:42] EDIT productreview/static/css/custom.css: 0
[2017-04-03 22:13:11] EDIT productreview/static/css/custom.css: 0
[2017-04-03 22:14:10] EDIT productreview/static/css/custom.css: 1
[2017-04-03 22:14:39] EDIT productreview/static/css/custom.css: -1
[2017-04-03 22:17:33] EDIT productreview/static/css/custom.css: 0
[2017-04-03 22:17:48] EDIT productreview/static/css/custom.css: 0
[2017-04-03 22:18:09] EDIT productreview/static/css/custom.css: 0
[2017-04-03 22:19:41] EDIT productreview/static/css/custom.css: 0
[2017-04-03 22:23:52] EDIT productreview/static/css/custom.css: 1
[2017-04-03 22:24:33] EDIT productreview/static/css/custom.css: 0
[2017-04-03 22:24:35] EDIT productreview/static/css/custom.css: -1
[2017-04-05 00:09:31] EDIT productreview/controllers/default.py: 0
[2017-04-05 00:13:12] EDIT productreview/views/default/selected_product.html: -1
[2017-04-05 00:19:03] EDIT productreview/views/default/selected_product.html.1: 0
[2017-04-05 00:20:46] EDIT productreview/views/default/selected_product.html.1: 2
[2017-04-05 00:24:54] EDIT productreview/views/default/selected_product.html.1: -2
[2017-04-05 00:25:57] EDIT productreview/views/default/selected_product.html.1: -2
[2017-04-05 00:30:55] EDIT productreview/models/db.py: 0
[2017-04-05 00:31:56] EDIT productreview/models/db.py: 0
[2017-04-05 00:38:55] EDIT productreview/controllers/default.py: 6
[2017-04-05 00:39:22] EDIT productreview/controllers/default.py: -6
[2017-04-05 00:40:58] EDIT productreview/models/db.py: 0
[2017-04-05 00:41:26] EDIT productreview/models/db.py: 0
[2017-04-05 00:41:52] EDIT productreview/models/db.py: 0
[2017-04-05 00:42:29] EDIT productreview/controllers/default.py: 6
[2017-04-05 00:47:56] EDIT productreview/views/default/index.html: 3
[2017-04-05 00:48:05] EDIT productreview/controllers/default.py: 1
[2017-04-05 00:52:51] EDIT productreview/controllers/default.py: 0
[2017-04-05 00:54:17] EDIT productreview/controllers/default.py: 0
[2017-04-05 00:55:35] EDIT productreview/controllers/default.py: 0
[2017-04-05 16:30:39] EDIT productreview/controllers/default.py: 0
[2017-04-05 16:36:39] EDIT productreview/models/db1.py: 0
[2017-04-05 16:36:59] EDIT productreview/models/db1.py: 0
[2017-04-05 16:37:35] EDIT productreview/models/db1.py: 0
[2017-04-05 16:40:04] EDIT productreview/models/db1.py: 0
[2017-04-05 16:41:16] EDIT productreview/models/db1.py: 0
[2017-04-05 16:45:00] EDIT productreview/models/db1.py: 0
[2017-04-05 16:45:32] EDIT productreview/models/db1.py: 0
[2017-04-05 16:45:43] EDIT productreview/models/db1.py: 0
[2017-04-05 16:47:38] EDIT productreview/models/db1.py: 0
[2017-04-05 16:53:07] EDIT productreview/controllers/default.py: 0
[2017-04-05 16:56:03] EDIT productreview/controllers/default.py: 0
[2017-04-05 17:01:31] EDIT productreview/controllers/default.py: 3
[2017-04-05 17:06:01] EDIT productreview/models/db1.py: 0
[2017-04-05 17:06:57] EDIT productreview/models/db1.py: 1
[2017-04-05 17:07:08] EDIT productreview/models/db1.py: -1
[2017-04-05 17:08:24] EDIT productreview/models/db1.py: 0
[2017-04-05 17:10:09] EDIT productreview/models/db1.py: 0
[2017-04-05 17:14:57] EDIT productreview/models/db.py: 1
[2017-04-05 17:15:10] EDIT productreview/models/db1.py: 0
[2017-04-05 17:28:42] EDIT productreview/models/db.py: 2
[2017-04-05 17:28:44] EDIT productreview/controllers/default.py: 0
[2017-04-05 17:29:07] EDIT productreview/controllers/default.py: 0
[2017-04-05 17:29:21] EDIT productreview/models/db.py: -2
[2017-04-05 17:53:58] EDIT productreview/models/db1.py: 0
[2017-04-05 17:54:20] EDIT productreview/models/db1.py: 0
[2017-04-05 18:04:28] EDIT productreview/models/db.py: 2
[2017-04-05 18:04:49] EDIT productreview/controllers/default.py: 0
[2017-04-05 18:04:56] DELETE productreview/models/db1.py: -3
[2017-04-05 18:05:53] EDIT productreview/models/db.py: 0
[2017-04-05 18:11:01] EDIT productreview/controllers/default.py: 3
[2017-04-05 18:11:27] EDIT productreview/controllers/default.py: 0
[2017-04-05 18:12:27] EDIT productreview/controllers/default.py: 0
[2017-04-05 18:12:52] EDIT productreview/controllers/default.py: 0
[2017-04-05 18:13:44] EDIT productreview/controllers/default.py: 0
[2017-04-05 18:14:54] EDIT productreview/views/default/selected_product.html: 1
[2017-04-05 18:15:28] EDIT productreview/views/default/selected_product.html: 1
[2017-04-05 18:44:14] EDIT productreview/models/db.py: 0
[2017-04-05 18:44:30] EDIT productreview/models/db.py: 0
[2017-04-05 18:45:56] EDIT productreview/controllers/default.py: 1
[2017-04-05 18:46:12] EDIT productreview/controllers/default.py: 0
[2017-04-05 18:46:25] EDIT productreview/controllers/default.py: 0
[2017-04-05 18:46:51] EDIT productreview/controllers/default.py: 0
[2017-04-05 18:47:28] EDIT productreview/controllers/default.py: 0
[2017-04-05 18:48:55] EDIT productreview/controllers/default.py: 0
[2017-04-05 18:49:05] EDIT productreview/controllers/default.py: 0
[2017-04-05 18:49:14] EDIT productreview/controllers/default.py: 0
[2017-04-05 18:49:28] EDIT productreview/controllers/default.py: 0
[2017-04-05 18:51:51] EDIT productreview/controllers/default.py: 0
[2017-04-05 18:51:55] EDIT productreview/controllers/default.py: 0
[2017-04-05 18:52:21] EDIT productreview/controllers/default.py: 0
[2017-04-05 18:52:46] EDIT productreview/controllers/default.py: 0
[2017-04-05 18:53:58] EDIT productreview/controllers/default.py: 0
[2017-04-05 18:54:04] EDIT productreview/views/default/selected_product.html: 0
[2017-04-05 18:56:03] EDIT productreview/models/db.py: 0
[2017-04-05 18:57:53] EDIT productreview/views/default/selected_product.html: 0
[2017-04-05 18:59:30] EDIT productreview/controllers/default.py: -1
[2017-04-05 18:59:40] EDIT productreview/views/default/selected_product.html: 0
[2017-04-05 19:02:59] EDIT productreview/views/default/selected_product.html: 0
[2017-04-05 19:03:49] EDIT productreview/controllers/default.py: 0
[2017-04-05 19:03:53] EDIT productreview/views/default/selected_product.html: 0
[2017-04-05 19:03:54] EDIT productreview/models/db.py: 0
[2017-04-05 19:05:04] EDIT productreview/views/default/selected_product.html: 0
[2017-04-05 19:06:27] EDIT productreview/views/default/selected_product.html: 0
[2017-04-05 19:14:39] EDIT productreview/models/db.py: 0
[2017-04-05 19:16:35] EDIT productreview/views/default/search_products.html: 15
[2017-04-05 19:16:44] EDIT productreview/controllers/default.py: 7
[2017-04-05 19:17:54] EDIT productreview/views/default/selected_product.html: 0
[2017-04-05 19:18:47] EDIT productreview/controllers/default.py: 0
[2017-04-05 19:19:47] EDIT productreview/controllers/default.py: 0
[2017-04-05 19:20:13] EDIT productreview/models/db.py: 0
[2017-04-05 19:20:15] EDIT productreview/views/default/selected_product.html: 0
[2017-04-05 19:21:56] EDIT productreview/controllers/default.py: 0
[2017-04-05 19:21:57] EDIT productreview/controllers/default.py: 0
[2017-04-05 19:22:06] EDIT productreview/controllers/default.py: 0
[2017-04-05 19:29:17] EDIT productreview/controllers/default.py: 0
[2017-04-05 19:34:39] EDIT productreview/controllers/default.py: 0
[2017-04-05 19:37:06] EDIT productreview/controllers/default.py: 0
[2017-04-05 19:43:33] EDIT productreview/controllers/default.py: 0
[2017-04-05 19:43:46] EDIT productreview/controllers/default.py: 0
[2017-04-05 19:44:32] EDIT productreview/controllers/default.py: 0
[2017-04-05 19:53:05] EDIT productreview/views/default/search_products.html: 0
[2017-04-05 19:53:30] EDIT productreview/views/default/search_products.html: 0
[2017-04-05 19:54:47] EDIT productreview/controllers/default.py: 0
[2017-04-05 19:56:53] EDIT productreview/controllers/default.py: 0
[2017-04-05 19:57:32] EDIT productreview/controllers/default.py: 0
[2017-04-05 20:01:02] EDIT productreview/controllers/default.py: 0
[2017-04-05 20:01:26] EDIT productreview/controllers/default.py: 0
[2017-04-05 20:04:31] EDIT productreview/controllers/default.py: 0
[2017-04-05 20:06:18] EDIT productreview/controllers/default.py: 0
[2017-04-05 20:08:06] EDIT productreview/controllers/default.py: 1
[2017-04-05 20:09:12] EDIT productreview/controllers/default.py: 0
[2017-04-05 20:10:37] EDIT productreview/controllers/default.py: 0
[2017-04-05 20:12:53] EDIT productreview/controllers/default.py: 0
[2017-04-06 13:07:05] EDIT productreview/views/default/search_products.html: 8
[2017-04-06 13:09:25] EDIT productreview/controllers/default.py: 0
[2017-04-06 13:10:13] EDIT productreview/controllers/default.py: 0
[2017-04-06 13:11:12] EDIT productreview/controllers/default.py: 0
[2017-04-06 13:18:25] EDIT productreview/views/default/search_products.html: -2
[2017-04-06 13:20:38] EDIT productreview/views/default/search_products.html: 2
[2017-04-06 13:21:28] EDIT productreview/controllers/default.py: 0
[2017-04-06 13:22:05] EDIT productreview/controllers/default.py: 0
[2017-04-06 13:23:00] EDIT productreview/controllers/default.py: 0
[2017-04-06 13:24:33] EDIT productreview/views/default/search_products.html: 0
[2017-04-06 13:30:47] EDIT productreview/views/default/search_products.html: 0
[2017-04-06 13:30:49] EDIT productreview/static/css/custom.css: 0
[2017-04-06 13:32:12] EDIT productreview/views/default/search_products.html: 0
[2017-04-06 13:32:14] EDIT productreview/static/css/custom.css: 0
[2017-04-06 13:32:42] EDIT productreview/controllers/default.py: 0
[2017-04-06 14:37:38] EDIT productreview/controllers/default.py: -1
[2017-04-06 14:42:11] EDIT productreview/controllers/default.py: 0
[2017-04-06 14:47:55] EDIT productreview/controllers/default.py: 2
[2017-04-06 14:48:19] EDIT productreview/controllers/default.py: 1
[2017-04-06 14:49:51] EDIT productreview/controllers/default.py: 0
[2017-04-06 14:50:50] EDIT productreview/controllers/default.py: 0
[2017-04-28 12:51:52] EDIT productreview/models/db.py: 0
[2017-04-28 12:58:29] EDIT productreview/models/db.py: 0
[2017-04-28 12:59:32] EDIT productreview/models/db.py: 0
[2017-04-28 13:04:30] EDIT productreview/models/db.py: 0
[2017-04-28 13:21:55] EDIT productreview/models/db.py: 0
[2017-04-28 13:22:14] EDIT productreview/models/db.py: 0
[2017-04-28 13:25:05] EDIT productreview/models/db.py: 0
[2017-04-28 13:26:04] EDIT productreview/models/db.py: 0
[2017-04-28 13:26:24] EDIT productreview/models/db.py: 0
[2017-04-28 13:27:55] EDIT productreview/models/db.py: 0
[2017-04-28 13:29:00] EDIT productreview/models/db.py: 0
[2017-04-28 13:29:18] EDIT productreview/models/db.py: 0
[2017-04-28 13:33:06] EDIT productreview/models/db.py: 0
[2017-04-28 13:33:49] EDIT productreview/models/db.py: 0
[2017-04-28 13:34:32] EDIT productreview/models/db.py: 0
[2017-04-28 13:35:00] EDIT productreview/models/db.py: 0
[2017-04-28 13:35:30] EDIT productreview/models/db.py: 0
[2017-04-28 13:36:21] EDIT productreview/models/db.py: 0
[2017-04-28 13:39:57] EDIT productreview/models/db.py: 0
[2017-04-28 13:43:19] EDIT productreview/models/db.py: 0
[2017-04-28 13:43:25] EDIT productreview/models/db.py: 0
[2017-04-28 13:45:05] EDIT productreview/models/db.py: 0
[2017-04-28 13:45:17] EDIT productreview/models/db.py: 0
[2017-04-28 13:45:26] EDIT productreview/models/db.py: 0
[2017-04-28 13:47:43] EDIT productreview/models/db.py: 0
[2017-04-28 13:50:39] EDIT productreview/models/db.py: 0
[2017-04-28 13:51:37] EDIT productreview/models/db.py: 0
[2017-04-28 14:00:34] EDIT productreview/models/db.py: 0
[2017-04-28 14:01:31] EDIT productreview/models/db.py: 0
[2017-04-28 14:01:40] EDIT productreview/models/db.py: 0
[2017-04-28 14:05:27] EDIT productreview/models/db.py: 0
[2017-04-28 14:05:38] EDIT productreview/models/db.py: 0
[2017-04-28 14:12:42] EDIT productreview/models/db.py: 0
[2017-04-28 14:16:29] EDIT productreview/models/db.py: 0
[2017-04-28 14:34:27] EDIT productreview/views/default/selected_product.html: 0
[2017-04-28 14:36:05] EDIT productreview/models/db.py: 0
[2017-04-28 14:37:51] EDIT productreview/models/db.py: 0
[2017-04-28 14:39:29] EDIT productreview/models/db.py: 0
[2017-04-28 14:40:35] EDIT productreview/models/db.py: 0
[2017-04-28 14:41:03] EDIT productreview/models/db.py: 0
[2017-04-28 14:41:15] EDIT productreview/models/db.py: 0
[2017-04-28 14:41:29] EDIT productreview/models/db.py: 0
[2017-04-28 14:41:41] EDIT productreview/models/db.py: 0
[2017-04-28 14:42:03] EDIT productreview/models/db.py: 0
[2017-04-28 14:42:22] EDIT productreview/views/default/selected_product.html: 0
[2017-04-28 14:43:58] EDIT productreview/models/db.py: 0
[2017-04-28 14:44:23] EDIT productreview/models/db.py: 0
[2017-04-28 14:44:43] EDIT productreview/models/db.py: 0
[2017-04-28 14:44:51] EDIT productreview/models/db.py: 0
[2017-04-28 14:45:03] EDIT productreview/models/db.py: 0
[2017-04-28 14:45:21] EDIT productreview/models/db.py: 0
[2017-04-28 14:45:29] EDIT productreview/models/db.py: 0
[2017-04-28 14:45:44] EDIT productreview/views/default/selected_product.html: 0
[2017-04-28 14:46:01] EDIT productreview/views/default/selected_product.html: 0
[2017-04-28 14:46:25] EDIT productreview/models/db.py: 0
[2017-04-28 14:46:55] EDIT productreview/views/default/selected_product.html: -1
[2017-04-28 14:47:03] EDIT productreview/views/default/selected_product.html: 1
[2017-04-28 14:47:08] EDIT productreview/models/db.py: 0
[2017-04-28 14:47:18] EDIT productreview/views/default/selected_product.html: 0
[2017-04-28 14:47:48] EDIT productreview/models/db.py: 0
[2017-04-28 14:48:22] EDIT productreview/views/default/selected_product.html: 0
[2017-04-28 14:48:32] EDIT productreview/views/default/selected_product.html: 0
[2017-04-28 14:48:51] EDIT productreview/models/db.py: 0
[2017-04-28 14:49:30] EDIT productreview/models/db.py: 0
[2017-04-28 14:50:15] EDIT productreview/models/db.py: 0
[2017-04-28 14:50:31] EDIT productreview/views/default/selected_product.html: 0
[2017-04-28 14:51:05] EDIT productreview/models/db.py: 0
[2017-04-28 14:51:09] EDIT productreview/models/db.py: 0
[2017-04-28 14:52:10] EDIT productreview/models/db.py: 0
[2017-04-28 15:00:20] EDIT productreview/views/default/selected_product.html: 0
[2017-04-28 15:01:56] EDIT productreview/views/default/selected_product.html: 0
[2017-04-28 15:17:00] EDIT productreview/views/default/selected_product.html: -1
[2017-04-28 15:17:12] EDIT productreview/views/default/selected_product.html: 0
[2017-04-28 15:17:12] EDIT productreview/views/default/selected_product.html: 0
[2017-04-28 15:17:38] EDIT productreview/views/default/selected_product.html: 1
[2017-04-28 15:51:25] EDIT productreview/models/db.py: 0
[2017-04-28 15:55:57] EDIT productreview/views/default/selected_product.html: 0
[2017-04-28 15:56:00] EDIT productreview/views/default/selected_product.html: 0
[2017-04-28 15:56:09] EDIT productreview/views/default/selected_product.html: 0
[2017-04-28 15:57:21] EDIT productreview/models/db.py: 0
[2017-04-28 15:57:40] EDIT productreview/models/db.py: 0
[2017-04-28 15:59:08] EDIT productreview/controllers/default.py: -3
[2017-04-28 16:00:36] EDIT productreview/controllers/default.py: 3
[2017-04-28 16:00:58] EDIT productreview/controllers/default.py: 0
[2017-04-28 16:01:30] EDIT productreview/controllers/default.py: -1
[2017-04-28 16:02:27] EDIT productreview/controllers/default.py: 0
[2017-04-28 16:02:35] EDIT productreview/controllers/default.py: 0
[2017-04-28 16:07:35] EDIT productreview/controllers/default.py: 1
[2017-04-28 16:07:51] EDIT productreview/views/default/selected_product.html: 0
[2017-04-30 09:47:52] EDIT productreview/controllers/default.py: 0
[2017-04-30 09:47:52] EDIT productreview/controllers/default.py: 0
[2017-04-30 09:47:52] EDIT productreview/controllers/default.py: 0
[2017-04-30 09:47:52] EDIT productreview/controllers/default.py: 0
[2017-04-30 09:56:17] EDIT productreview/controllers/default.py: 4
[2017-04-30 09:58:11] EDIT productreview/controllers/default.py: -1
[2017-04-30 09:58:52] EDIT productreview/controllers/default.py: -2
[2017-04-30 09:59:12] EDIT productreview/controllers/default.py: 2
[2017-04-30 10:00:05] EDIT productreview/controllers/default.py: 0
[2017-04-30 10:01:24] EDIT productreview/controllers/default.py: 0
[2017-04-30 10:08:05] EDIT productreview/controllers/default.py: 0
[2017-04-30 10:08:31] EDIT productreview/controllers/default.py: 0
[2017-04-30 10:10:14] EDIT productreview/controllers/default.py: 0
[2017-04-30 10:11:48] EDIT productreview/controllers/default.py: 0
[2017-04-30 10:12:40] EDIT productreview/controllers/default.py: 0
[2017-04-30 10:15:07] EDIT productreview/controllers/default.py: 0
[2017-04-30 10:22:18] EDIT productreview/controllers/default.py: 0
[2017-04-30 10:22:27] EDIT productreview/controllers/default.py: 0
[2017-04-30 10:23:05] EDIT productreview/controllers/default.py: 0
[2017-04-30 10:23:32] EDIT productreview/controllers/default.py: 0
[2017-04-30 10:33:26] EDIT productreview/controllers/default.py: 0
[2017-04-30 10:49:35] EDIT productreview/controllers/default.py: 3
[2017-04-30 10:51:25] EDIT productreview/controllers/default.py: 0
[2017-04-30 18:55:22] EDIT productreview/views/default/selected_product.html: 3
[2017-04-30 18:57:04] EDIT productreview/views/default/selected_product.html: 16
[2017-04-30 18:57:43] EDIT productreview/views/default/selected_product.html: 0
[2017-04-30 18:58:31] EDIT productreview/views/default/index.html: 19
[2017-04-30 19:04:56] EDIT productreview/controllers/default.py: 0
[2017-04-30 19:15:33] EDIT productreview/views/default/index.html: 5
[2017-04-30 19:16:17] EDIT productreview/views/default/index.html: 1
[2017-04-30 19:17:12] EDIT productreview/views/default/index.html: -6
[2017-04-30 19:22:17] EDIT productreview/views/default/index.html: 2
[2017-04-30 19:23:47] EDIT productreview/views/default/index.html: 0
[2017-04-30 19:29:47] EDIT productreview/views/default/index.html: 0
[2017-04-30 19:35:31] EDIT productreview/views/default/index.html: 3
[2017-04-30 19:35:53] EDIT productreview/views/default/index.html: -1
[2017-04-30 19:36:36] EDIT productreview/views/default/index.html: 0
[2017-05-01 12:39:41] EDIT productreview/views/default/index.html: -3
[2017-05-01 12:40:00] EDIT productreview/views/default/index.html: 0
[2017-05-01 12:40:16] EDIT productreview/views/default/index.html: 0
[2017-05-01 12:40:26] EDIT productreview/views/default/index.html: -5
[2017-05-01 19:21:36] DELETE productreview/views/default/index.html.1: -15
[2017-05-01 19:21:44] DELETE productreview/views/default/selected_product.html.1.1: -48
[2017-05-01 19:21:47] DELETE productreview/views/default/selected_product.html.1: -48
[2017-05-01 19:22:02] DELETE productreview/views/default/management.html: -3
[2017-05-01 19:25:30] EDIT productreview/views/layout.html: 0
